#
# There is insufficient memory for the Java Runtime Environment to continue.
# Native memory allocation (mmap) failed to map 65536 bytes for Failed to commit metaspace.
# Possible reasons:
#   The system is out of physical RAM or swap space
#   The process is running with CompressedOops enabled, and the Java Heap may be blocking the growth of the native heap
# Possible solutions:
#   Reduce memory load on the system
#   Increase physical memory or swap space
#   Check if swap backing store is full
#   Decrease Java heap size (-Xmx/-Xms)
#   Decrease number of Java threads
#   Decrease Java thread stack sizes (-Xss)
#   Set larger code cache with -XX:ReservedCodeCacheSize=
#   JVM is running with Zero Based Compressed Oops mode in which the Java heap is
#     placed in the first 32GB address space. The Java Heap base address is the
#     maximum limit for the native heap growth. Please use -XX:HeapBaseMinAddress
#     to set the Java Heap base and to place the Java Heap above 32GB virtual address.
# This output file may be truncated or incomplete.
#
#  Out of Memory Error (virtualSpaceNode.cpp:108), pid=18872, tid=13820
#
# JRE version: OpenJDK Runtime Environment (16.0.2+7) (build 16.0.2+7-67)
# Java VM: OpenJDK 64-Bit Server VM (16.0.2+7-67, mixed mode, tiered, compressed oops, compressed class ptrs, g1 gc, windows-amd64)
# No core dump will be written. Minidumps are not enabled by default on client versions of Windows
#

---------------  S U M M A R Y ------------

Command Line: -Dcom.sun.management.jmxremote -Dcom.sun.management.jmxremote.port=63730 -Dcom.sun.management.jmxremote.authenticate=false -Dcom.sun.management.jmxremote.ssl=false -Djava.rmi.server.hostname=localhost -Dspring.jmx.enabled=true -Dspring.application.admin.enabled=true -XX:TieredStopAtLevel=1 -Dspring.boot.project.name=hr-worker -Dfile.encoding=UTF-8 -XX:+ShowCodeDetailsInExceptionMessages pt.amane.hrworker.HrWorkerApplication --spring.output.ansi.enabled=always

Host: Intel(R) Core(TM) i5-7200U CPU @ 2.50GHz, 4 cores, 15G,  Windows 10 , 64 bit Build 19041 (10.0.19041.1466)
Time: Thu Jan 20 17:04:21 2022 GMT Standard Time elapsed time: 0.965265 seconds (0d 0h 0m 0s)

---------------  T H R E A D  ---------------

Current thread (0x0000016944a9e450):  JavaThread "main" [_thread_in_vm, id=13820, stack(0x0000000a88200000,0x0000000a88300000)]

Stack: [0x0000000a88200000,0x0000000a88300000]
Native frames: (J=compiled Java code, j=interpreted, Vv=VM code, C=native code)
V  [jvm.dll+0x6681ca]
V  [jvm.dll+0x7c9e69]
V  [jvm.dll+0x7cb61e]
V  [jvm.dll+0x7cbc73]
V  [jvm.dll+0x242c55]
V  [jvm.dll+0x7c64eb]
V  [jvm.dll+0x60ddd6]
V  [jvm.dll+0x60de3a]
V  [jvm.dll+0x61046a]
V  [jvm.dll+0x60e6d1]
V  [jvm.dll+0x238440]
V  [jvm.dll+0x1ea2df]
V  [jvm.dll+0x1df631]
V  [jvm.dll+0x535ff8]
V  [jvm.dll+0x1f0d52]
V  [jvm.dll+0x741863]
V  [jvm.dll+0x743108]
V  [jvm.dll+0x743433]
V  [jvm.dll+0x23ab24]
V  [jvm.dll+0x375531]
C  0x000001694801c3b7

Java frames: (J=compiled Java code, j=interpreted, Vv=VM code)
j  java.security.Policy.<clinit>()V+0 java.base@16.0.2
v  ~StubRoutines::call_stub
j  java.security.AccessControlContext.getDebug()Lsun/security/util/Debug;+10 java.base@16.0.2
j  java.security.AccessControlContext.checkPermission(Ljava/security/Permission;)V+16 java.base@16.0.2
j  java.security.AccessController.checkPermission(Ljava/security/Permission;)V+161 java.base@16.0.2
j  ch.qos.logback.core.util.Loader$1.run()Ljava/lang/Boolean;+9
j  ch.qos.logback.core.util.Loader$1.run()Ljava/lang/Object;+1
J 851 c1 java.security.AccessController.doPrivileged(Ljava/security/PrivilegedAction;)Ljava/lang/Object; java.base@16.0.2 (9 bytes) @ 0x00000169487cf27c [0x00000169487cf240+0x000000000000003c]
j  ch.qos.logback.core.util.Loader.<clinit>()V+34
v  ~StubRoutines::call_stub
j  ch.qos.logback.classic.util.ContextInitializer.findURLOfDefaultConfigurationFile(Z)Ljava/net/URL;+1
j  ch.qos.logback.classic.util.ContextInitializer.autoConfig()V+9
j  org.slf4j.impl.StaticLoggerBinder.init()V+11
j  org.slf4j.impl.StaticLoggerBinder.<clinit>()V+28
v  ~StubRoutines::call_stub
j  org.slf4j.LoggerFactory.bind()V+16
j  org.slf4j.LoggerFactory.performInitialization()V+0
j  org.slf4j.LoggerFactory.getILoggerFactory()Lorg/slf4j/ILoggerFactory;+21
j  org.slf4j.LoggerFactory.getLogger(Ljava/lang/String;)Lorg/slf4j/Logger;+0
j  org.apache.commons.logging.LogAdapter$Slf4jAdapter.createLocationAwareLog(Ljava/lang/String;)Lorg/apache/commons/logging/Log;+1
j  org.apache.commons.logging.LogAdapter.createLog(Ljava/lang/String;)Lorg/apache/commons/logging/Log;+42
j  org.apache.commons.logging.LogFactory.getLog(Ljava/lang/String;)Lorg/apache/commons/logging/Log;+1
j  org.apache.commons.logging.LogFactory.getLog(Ljava/lang/Class;)Lorg/apache/commons/logging/Log;+4
j  org.springframework.boot.SpringApplication.<clinit>()V+2
v  ~StubRoutines::call_stub
j  pt.amane.hrworker.HrWorkerApplication.main([Ljava/lang/String;)V+3
v  ~StubRoutines::call_stub

---------------  P R O C E S S  ---------------

Threads class SMR info:
_java_thread_list=0x00000169642ab110, length=14, elements={
0x0000016944a9e450, 0x000001696383e420, 0x0000016963840d10, 0x000001696382b280,
0x0000016962c49780, 0x000001696386a400, 0x000001696386ad10, 0x000001696386b620,
0x0000016963899870, 0x0000016962bec4d0, 0x0000016963abbf90, 0x0000016964250030,
0x0000016964250550, 0x0000016964250d70
}

Java Threads: ( => current thread )
=>0x0000016944a9e450 JavaThread "main" [_thread_in_vm, id=13820, stack(0x0000000a88200000,0x0000000a88300000)]
  0x000001696383e420 JavaThread "Reference Handler" daemon [_thread_blocked, id=5840, stack(0x0000000a88900000,0x0000000a88a00000)]
  0x0000016963840d10 JavaThread "Finalizer" daemon [_thread_blocked, id=16968, stack(0x0000000a88a00000,0x0000000a88b00000)]
  0x000001696382b280 JavaThread "Signal Dispatcher" daemon [_thread_blocked, id=7596, stack(0x0000000a88b00000,0x0000000a88c00000)]
  0x0000016962c49780 JavaThread "Attach Listener" daemon [_thread_blocked, id=17208, stack(0x0000000a88c00000,0x0000000a88d00000)]
  0x000001696386a400 JavaThread "Service Thread" daemon [_thread_blocked, id=10944, stack(0x0000000a88d00000,0x0000000a88e00000)]
  0x000001696386ad10 JavaThread "Monitor Deflation Thread" daemon [_thread_blocked, id=13244, stack(0x0000000a88e00000,0x0000000a88f00000)]
  0x000001696386b620 JavaThread "C1 CompilerThread0" daemon [_thread_blocked, id=17200, stack(0x0000000a88f00000,0x0000000a89000000)]
  0x0000016963899870 JavaThread "Sweeper thread" daemon [_thread_blocked, id=10800, stack(0x0000000a89000000,0x0000000a89100000)]
  0x0000016962bec4d0 JavaThread "Common-Cleaner" daemon [_thread_blocked, id=9452, stack(0x0000000a89100000,0x0000000a89200000)]
  0x0000016963abbf90 JavaThread "Notification Thread" daemon [_thread_blocked, id=18816, stack(0x0000000a89200000,0x0000000a89300000)]
  0x0000016964250030 JavaThread "RMI TCP Accept-0" daemon [_thread_in_native, id=17680, stack(0x0000000a89600000,0x0000000a89700000)]
  0x0000016964250550 JavaThread "RMI TCP Accept-63730" daemon [_thread_in_native, id=12400, stack(0x0000000a89700000,0x0000000a89800000)]
  0x0000016964250d70 JavaThread "RMI TCP Accept-0" daemon [_thread_in_native, id=13448, stack(0x0000000a89800000,0x0000000a89900000)]

Other Threads:
  0x000001696381d8a0 VMThread "VM Thread" [stack: 0x0000000a88800000,0x0000000a88900000] [id=1976]
  0x0000016944a9f390 WatcherThread [stack: 0x0000000a89900000,0x0000000a89a00000] [id=17092]
  0x0000016944aee180 GCTaskThread "GC Thread#0" [stack: 0x0000000a88300000,0x0000000a88400000] [id=352]
  0x0000016963bf97c0 GCTaskThread "GC Thread#1" [stack: 0x0000000a89300000,0x0000000a89400000] [id=20332]
  0x0000016963bf9ad0 GCTaskThread "GC Thread#2" [stack: 0x0000000a89400000,0x0000000a89500000] [id=7556]
  0x0000016963de03b0 GCTaskThread "GC Thread#3" [stack: 0x0000000a89500000,0x0000000a89600000] [id=20172]
  0x0000016944aff870 ConcurrentGCThread "G1 Main Marker" [stack: 0x0000000a88400000,0x0000000a88500000] [id=15680]
  0x0000016944b012f0 ConcurrentGCThread "G1 Conc#0" [stack: 0x0000000a88500000,0x0000000a88600000] [id=12732]
  0x0000016944b5e2a0 ConcurrentGCThread "G1 Refine#0" [stack: 0x0000000a88600000,0x0000000a88700000] [id=11844]
  0x0000016962ab80f0 ConcurrentGCThread "G1 Service" [stack: 0x0000000a88700000,0x0000000a88800000] [id=16612]

Threads with active compile tasks:

VM state: not at safepoint (normal execution)

VM Mutex/Monitor currently owned by a thread:  ([mutex/lock_event])
[0x0000016944a9a9f0] MetaspaceExpand_lock - owner thread: 0x0000016944a9e450

Heap address: 0x0000000701e00000, size: 4066 MB, Compressed Oops mode: Zero based, Oop shift amount: 3

CDS disabled.
Compressed class space mapped at: 0x0000000800000000-0x0000000840000000, reserved size: 1073741824
Narrow klass base: 0x0000000800000000, Narrow klass shift: 0, Narrow klass range: 0x40000000

GC Precious Log:
 CPUs: 4 total, 4 available
 Memory: 16263M
 Large Page Support: Disabled
 NUMA Support: Disabled
 Compressed Oops: Enabled (Zero based)
 Heap Region Size: 2M
 Heap Min Capacity: 8M
 Heap Initial Capacity: 256M
 Heap Max Capacity: 4066M
 Pre-touch: Disabled
 Parallel Workers: 4
 Concurrent Workers: 1
 Concurrent Refinement Workers: 4
 Periodic GC: Disabled

Heap:
 garbage-first heap   total 262144K, used 13021K [0x0000000701e00000, 0x0000000800000000)
  region size 2048K, 6 young (12288K), 1 survivors (2048K)
 Metaspace       used 12671K, committed 12800K, reserved 1064960K
  class space    used 1274K, committed 1344K, reserved 1048576K

Heap Regions: E=young(eden), S=young(survivor), O=old, HS=humongous(starts), HC=humongous(continues), CS=collection set, F=free, OA=open archive, CA=closed archive, TAMS=top-at-mark-start (previous, next)
|   0|0x0000000701e00000, 0x0000000702000000, 0x0000000702000000|100%| O|  |TAMS 0x0000000701e00000, 0x0000000701e00000| Untracked 
|   1|0x0000000702000000, 0x00000007020b7400, 0x0000000702200000| 35%| O|  |TAMS 0x0000000702000000, 0x0000000702000000| Untracked 
|   2|0x0000000702200000, 0x0000000702200000, 0x0000000702400000|  0%| F|  |TAMS 0x0000000702200000, 0x0000000702200000| Untracked 
|   3|0x0000000702400000, 0x0000000702400000, 0x0000000702600000|  0%| F|  |TAMS 0x0000000702400000, 0x0000000702400000| Untracked 
|   4|0x0000000702600000, 0x0000000702600000, 0x0000000702800000|  0%| F|  |TAMS 0x0000000702600000, 0x0000000702600000| Untracked 
|   5|0x0000000702800000, 0x0000000702800000, 0x0000000702a00000|  0%| F|  |TAMS 0x0000000702800000, 0x0000000702800000| Untracked 
|   6|0x0000000702a00000, 0x0000000702a00000, 0x0000000702c00000|  0%| F|  |TAMS 0x0000000702a00000, 0x0000000702a00000| Untracked 
|   7|0x0000000702c00000, 0x0000000702c00000, 0x0000000702e00000|  0%| F|  |TAMS 0x0000000702c00000, 0x0000000702c00000| Untracked 
|   8|0x0000000702e00000, 0x0000000702e00000, 0x0000000703000000|  0%| F|  |TAMS 0x0000000702e00000, 0x0000000702e00000| Untracked 
|   9|0x0000000703000000, 0x0000000703000000, 0x0000000703200000|  0%| F|  |TAMS 0x0000000703000000, 0x0000000703000000| Untracked 
|  10|0x0000000703200000, 0x0000000703200000, 0x0000000703400000|  0%| F|  |TAMS 0x0000000703200000, 0x0000000703200000| Untracked 
|  11|0x0000000703400000, 0x0000000703400000, 0x0000000703600000|  0%| F|  |TAMS 0x0000000703400000, 0x0000000703400000| Untracked 
|  12|0x0000000703600000, 0x0000000703600000, 0x0000000703800000|  0%| F|  |TAMS 0x0000000703600000, 0x0000000703600000| Untracked 
|  13|0x0000000703800000, 0x0000000703800000, 0x0000000703a00000|  0%| F|  |TAMS 0x0000000703800000, 0x0000000703800000| Untracked 
|  14|0x0000000703a00000, 0x0000000703a00000, 0x0000000703c00000|  0%| F|  |TAMS 0x0000000703a00000, 0x0000000703a00000| Untracked 
|  15|0x0000000703c00000, 0x0000000703c00000, 0x0000000703e00000|  0%| F|  |TAMS 0x0000000703c00000, 0x0000000703c00000| Untracked 
|  16|0x0000000703e00000, 0x0000000703e00000, 0x0000000704000000|  0%| F|  |TAMS 0x0000000703e00000, 0x0000000703e00000| Untracked 
|  17|0x0000000704000000, 0x0000000704000000, 0x0000000704200000|  0%| F|  |TAMS 0x0000000704000000, 0x0000000704000000| Untracked 
|  18|0x0000000704200000, 0x0000000704200000, 0x0000000704400000|  0%| F|  |TAMS 0x0000000704200000, 0x0000000704200000| Untracked 
|  19|0x0000000704400000, 0x0000000704400000, 0x0000000704600000|  0%| F|  |TAMS 0x0000000704400000, 0x0000000704400000| Untracked 
|  20|0x0000000704600000, 0x0000000704600000, 0x0000000704800000|  0%| F|  |TAMS 0x0000000704600000, 0x0000000704600000| Untracked 
|  21|0x0000000704800000, 0x0000000704800000, 0x0000000704a00000|  0%| F|  |TAMS 0x0000000704800000, 0x0000000704800000| Untracked 
|  22|0x0000000704a00000, 0x0000000704a00000, 0x0000000704c00000|  0%| F|  |TAMS 0x0000000704a00000, 0x0000000704a00000| Untracked 
|  23|0x0000000704c00000, 0x0000000704c00000, 0x0000000704e00000|  0%| F|  |TAMS 0x0000000704c00000, 0x0000000704c00000| Untracked 
|  24|0x0000000704e00000, 0x0000000704e00000, 0x0000000705000000|  0%| F|  |TAMS 0x0000000704e00000, 0x0000000704e00000| Untracked 
|  25|0x0000000705000000, 0x0000000705000000, 0x0000000705200000|  0%| F|  |TAMS 0x0000000705000000, 0x0000000705000000| Untracked 
|  26|0x0000000705200000, 0x0000000705200000, 0x0000000705400000|  0%| F|  |TAMS 0x0000000705200000, 0x0000000705200000| Untracked 
|  27|0x0000000705400000, 0x0000000705400000, 0x0000000705600000|  0%| F|  |TAMS 0x0000000705400000, 0x0000000705400000| Untracked 
|  28|0x0000000705600000, 0x0000000705600000, 0x0000000705800000|  0%| F|  |TAMS 0x0000000705600000, 0x0000000705600000| Untracked 
|  29|0x0000000705800000, 0x0000000705800000, 0x0000000705a00000|  0%| F|  |TAMS 0x0000000705800000, 0x0000000705800000| Untracked 
|  30|0x0000000705a00000, 0x0000000705a00000, 0x0000000705c00000|  0%| F|  |TAMS 0x0000000705a00000, 0x0000000705a00000| Untracked 
|  31|0x0000000705c00000, 0x0000000705c00000, 0x0000000705e00000|  0%| F|  |TAMS 0x0000000705c00000, 0x0000000705c00000| Untracked 
|  32|0x0000000705e00000, 0x0000000705e00000, 0x0000000706000000|  0%| F|  |TAMS 0x0000000705e00000, 0x0000000705e00000| Untracked 
|  33|0x0000000706000000, 0x0000000706000000, 0x0000000706200000|  0%| F|  |TAMS 0x0000000706000000, 0x0000000706000000| Untracked 
|  34|0x0000000706200000, 0x0000000706200000, 0x0000000706400000|  0%| F|  |TAMS 0x0000000706200000, 0x0000000706200000| Untracked 
|  35|0x0000000706400000, 0x0000000706400000, 0x0000000706600000|  0%| F|  |TAMS 0x0000000706400000, 0x0000000706400000| Untracked 
|  36|0x0000000706600000, 0x0000000706600000, 0x0000000706800000|  0%| F|  |TAMS 0x0000000706600000, 0x0000000706600000| Untracked 
|  37|0x0000000706800000, 0x0000000706800000, 0x0000000706a00000|  0%| F|  |TAMS 0x0000000706800000, 0x0000000706800000| Untracked 
|  38|0x0000000706a00000, 0x0000000706a00000, 0x0000000706c00000|  0%| F|  |TAMS 0x0000000706a00000, 0x0000000706a00000| Untracked 
|  39|0x0000000706c00000, 0x0000000706c00000, 0x0000000706e00000|  0%| F|  |TAMS 0x0000000706c00000, 0x0000000706c00000| Untracked 
|  40|0x0000000706e00000, 0x0000000706e00000, 0x0000000707000000|  0%| F|  |TAMS 0x0000000706e00000, 0x0000000706e00000| Untracked 
|  41|0x0000000707000000, 0x0000000707000000, 0x0000000707200000|  0%| F|  |TAMS 0x0000000707000000, 0x0000000707000000| Untracked 
|  42|0x0000000707200000, 0x0000000707200000, 0x0000000707400000|  0%| F|  |TAMS 0x0000000707200000, 0x0000000707200000| Untracked 
|  43|0x0000000707400000, 0x0000000707400000, 0x0000000707600000|  0%| F|  |TAMS 0x0000000707400000, 0x0000000707400000| Untracked 
|  44|0x0000000707600000, 0x0000000707600000, 0x0000000707800000|  0%| F|  |TAMS 0x0000000707600000, 0x0000000707600000| Untracked 
|  45|0x0000000707800000, 0x0000000707800000, 0x0000000707a00000|  0%| F|  |TAMS 0x0000000707800000, 0x0000000707800000| Untracked 
|  46|0x0000000707a00000, 0x0000000707a00000, 0x0000000707c00000|  0%| F|  |TAMS 0x0000000707a00000, 0x0000000707a00000| Untracked 
|  47|0x0000000707c00000, 0x0000000707c00000, 0x0000000707e00000|  0%| F|  |TAMS 0x0000000707c00000, 0x0000000707c00000| Untracked 
|  48|0x0000000707e00000, 0x0000000707e00000, 0x0000000708000000|  0%| F|  |TAMS 0x0000000707e00000, 0x0000000707e00000| Untracked 
|  49|0x0000000708000000, 0x0000000708000000, 0x0000000708200000|  0%| F|  |TAMS 0x0000000708000000, 0x0000000708000000| Untracked 
|  50|0x0000000708200000, 0x0000000708200000, 0x0000000708400000|  0%| F|  |TAMS 0x0000000708200000, 0x0000000708200000| Untracked 
|  51|0x0000000708400000, 0x0000000708400000, 0x0000000708600000|  0%| F|  |TAMS 0x0000000708400000, 0x0000000708400000| Untracked 
|  52|0x0000000708600000, 0x0000000708600000, 0x0000000708800000|  0%| F|  |TAMS 0x0000000708600000, 0x0000000708600000| Untracked 
|  53|0x0000000708800000, 0x0000000708800000, 0x0000000708a00000|  0%| F|  |TAMS 0x0000000708800000, 0x0000000708800000| Untracked 
|  54|0x0000000708a00000, 0x0000000708a00000, 0x0000000708c00000|  0%| F|  |TAMS 0x0000000708a00000, 0x0000000708a00000| Untracked 
|  55|0x0000000708c00000, 0x0000000708c00000, 0x0000000708e00000|  0%| F|  |TAMS 0x0000000708c00000, 0x0000000708c00000| Untracked 
|  56|0x0000000708e00000, 0x0000000708e00000, 0x0000000709000000|  0%| F|  |TAMS 0x0000000708e00000, 0x0000000708e00000| Untracked 
|  57|0x0000000709000000, 0x0000000709000000, 0x0000000709200000|  0%| F|  |TAMS 0x0000000709000000, 0x0000000709000000| Untracked 
|  58|0x0000000709200000, 0x0000000709200000, 0x0000000709400000|  0%| F|  |TAMS 0x0000000709200000, 0x0000000709200000| Untracked 
|  59|0x0000000709400000, 0x0000000709400000, 0x0000000709600000|  0%| F|  |TAMS 0x0000000709400000, 0x0000000709400000| Untracked 
|  60|0x0000000709600000, 0x0000000709600000, 0x0000000709800000|  0%| F|  |TAMS 0x0000000709600000, 0x0000000709600000| Untracked 
|  61|0x0000000709800000, 0x0000000709800000, 0x0000000709a00000|  0%| F|  |TAMS 0x0000000709800000, 0x0000000709800000| Untracked 
|  62|0x0000000709a00000, 0x0000000709a00000, 0x0000000709c00000|  0%| F|  |TAMS 0x0000000709a00000, 0x0000000709a00000| Untracked 
|  63|0x0000000709c00000, 0x0000000709c00000, 0x0000000709e00000|  0%| F|  |TAMS 0x0000000709c00000, 0x0000000709c00000| Untracked 
|  64|0x0000000709e00000, 0x0000000709e00000, 0x000000070a000000|  0%| F|  |TAMS 0x0000000709e00000, 0x0000000709e00000| Untracked 
|  65|0x000000070a000000, 0x000000070a000000, 0x000000070a200000|  0%| F|  |TAMS 0x000000070a000000, 0x000000070a000000| Untracked 
|  66|0x000000070a200000, 0x000000070a200000, 0x000000070a400000|  0%| F|  |TAMS 0x000000070a200000, 0x000000070a200000| Untracked 
|  67|0x000000070a400000, 0x000000070a400000, 0x000000070a600000|  0%| F|  |TAMS 0x000000070a400000, 0x000000070a400000| Untracked 
|  68|0x000000070a600000, 0x000000070a600000, 0x000000070a800000|  0%| F|  |TAMS 0x000000070a600000, 0x000000070a600000| Untracked 
|  69|0x000000070a800000, 0x000000070a800000, 0x000000070aa00000|  0%| F|  |TAMS 0x000000070a800000, 0x000000070a800000| Untracked 
|  70|0x000000070aa00000, 0x000000070aa00000, 0x000000070ac00000|  0%| F|  |TAMS 0x000000070aa00000, 0x000000070aa00000| Untracked 
|  71|0x000000070ac00000, 0x000000070ac00000, 0x000000070ae00000|  0%| F|  |TAMS 0x000000070ac00000, 0x000000070ac00000| Untracked 
|  72|0x000000070ae00000, 0x000000070ae00000, 0x000000070b000000|  0%| F|  |TAMS 0x000000070ae00000, 0x000000070ae00000| Untracked 
|  73|0x000000070b000000, 0x000000070b000000, 0x000000070b200000|  0%| F|  |TAMS 0x000000070b000000, 0x000000070b000000| Untracked 
|  74|0x000000070b200000, 0x000000070b200000, 0x000000070b400000|  0%| F|  |TAMS 0x000000070b200000, 0x000000070b200000| Untracked 
|  75|0x000000070b400000, 0x000000070b400000, 0x000000070b600000|  0%| F|  |TAMS 0x000000070b400000, 0x000000070b400000| Untracked 
|  76|0x000000070b600000, 0x000000070b600000, 0x000000070b800000|  0%| F|  |TAMS 0x000000070b600000, 0x000000070b600000| Untracked 
|  77|0x000000070b800000, 0x000000070b800000, 0x000000070ba00000|  0%| F|  |TAMS 0x000000070b800000, 0x000000070b800000| Untracked 
|  78|0x000000070ba00000, 0x000000070ba00000, 0x000000070bc00000|  0%| F|  |TAMS 0x000000070ba00000, 0x000000070ba00000| Untracked 
|  79|0x000000070bc00000, 0x000000070bc00000, 0x000000070be00000|  0%| F|  |TAMS 0x000000070bc00000, 0x000000070bc00000| Untracked 
|  80|0x000000070be00000, 0x000000070be00000, 0x000000070c000000|  0%| F|  |TAMS 0x000000070be00000, 0x000000070be00000| Untracked 
|  81|0x000000070c000000, 0x000000070c000000, 0x000000070c200000|  0%| F|  |TAMS 0x000000070c000000, 0x000000070c000000| Untracked 
|  82|0x000000070c200000, 0x000000070c200000, 0x000000070c400000|  0%| F|  |TAMS 0x000000070c200000, 0x000000070c200000| Untracked 
|  83|0x000000070c400000, 0x000000070c400000, 0x000000070c600000|  0%| F|  |TAMS 0x000000070c400000, 0x000000070c400000| Untracked 
|  84|0x000000070c600000, 0x000000070c600000, 0x000000070c800000|  0%| F|  |TAMS 0x000000070c600000, 0x000000070c600000| Untracked 
|  85|0x000000070c800000, 0x000000070c800000, 0x000000070ca00000|  0%| F|  |TAMS 0x000000070c800000, 0x000000070c800000| Untracked 
|  86|0x000000070ca00000, 0x000000070ca00000, 0x000000070cc00000|  0%| F|  |TAMS 0x000000070ca00000, 0x000000070ca00000| Untracked 
|  87|0x000000070cc00000, 0x000000070cc00000, 0x000000070ce00000|  0%| F|  |TAMS 0x000000070cc00000, 0x000000070cc00000| Untracked 
|  88|0x000000070ce00000, 0x000000070ce00000, 0x000000070d000000|  0%| F|  |TAMS 0x000000070ce00000, 0x000000070ce00000| Untracked 
|  89|0x000000070d000000, 0x000000070d000000, 0x000000070d200000|  0%| F|  |TAMS 0x000000070d000000, 0x000000070d000000| Untracked 
|  90|0x000000070d200000, 0x000000070d200000, 0x000000070d400000|  0%| F|  |TAMS 0x000000070d200000, 0x000000070d200000| Untracked 
|  91|0x000000070d400000, 0x000000070d400000, 0x000000070d600000|  0%| F|  |TAMS 0x000000070d400000, 0x000000070d400000| Untracked 
|  92|0x000000070d600000, 0x000000070d600000, 0x000000070d800000|  0%| F|  |TAMS 0x000000070d600000, 0x000000070d600000| Untracked 
|  93|0x000000070d800000, 0x000000070d800000, 0x000000070da00000|  0%| F|  |TAMS 0x000000070d800000, 0x000000070d800000| Untracked 
|  94|0x000000070da00000, 0x000000070da00000, 0x000000070dc00000|  0%| F|  |TAMS 0x000000070da00000, 0x000000070da00000| Untracked 
|  95|0x000000070dc00000, 0x000000070dc00000, 0x000000070de00000|  0%| F|  |TAMS 0x000000070dc00000, 0x000000070dc00000| Untracked 
|  96|0x000000070de00000, 0x000000070de00000, 0x000000070e000000|  0%| F|  |TAMS 0x000000070de00000, 0x000000070de00000| Untracked 
|  97|0x000000070e000000, 0x000000070e000000, 0x000000070e200000|  0%| F|  |TAMS 0x000000070e000000, 0x000000070e000000| Untracked 
|  98|0x000000070e200000, 0x000000070e200000, 0x000000070e400000|  0%| F|  |TAMS 0x000000070e200000, 0x000000070e200000| Untracked 
|  99|0x000000070e400000, 0x000000070e400000, 0x000000070e600000|  0%| F|  |TAMS 0x000000070e400000, 0x000000070e400000| Untracked 
| 100|0x000000070e600000, 0x000000070e600000, 0x000000070e800000|  0%| F|  |TAMS 0x000000070e600000, 0x000000070e600000| Untracked 
| 101|0x000000070e800000, 0x000000070e800000, 0x000000070ea00000|  0%| F|  |TAMS 0x000000070e800000, 0x000000070e800000| Untracked 
| 102|0x000000070ea00000, 0x000000070ea00000, 0x000000070ec00000|  0%| F|  |TAMS 0x000000070ea00000, 0x000000070ea00000| Untracked 
| 103|0x000000070ec00000, 0x000000070ec00000, 0x000000070ee00000|  0%| F|  |TAMS 0x000000070ec00000, 0x000000070ec00000| Untracked 
| 104|0x000000070ee00000, 0x000000070ee00000, 0x000000070f000000|  0%| F|  |TAMS 0x000000070ee00000, 0x000000070ee00000| Untracked 
| 105|0x000000070f000000, 0x000000070f000000, 0x000000070f200000|  0%| F|  |TAMS 0x000000070f000000, 0x000000070f000000| Untracked 
| 106|0x000000070f200000, 0x000000070f200000, 0x000000070f400000|  0%| F|  |TAMS 0x000000070f200000, 0x000000070f200000| Untracked 
| 107|0x000000070f400000, 0x000000070f400000, 0x000000070f600000|  0%| F|  |TAMS 0x000000070f400000, 0x000000070f400000| Untracked 
| 108|0x000000070f600000, 0x000000070f600000, 0x000000070f800000|  0%| F|  |TAMS 0x000000070f600000, 0x000000070f600000| Untracked 
| 109|0x000000070f800000, 0x000000070f800000, 0x000000070fa00000|  0%| F|  |TAMS 0x000000070f800000, 0x000000070f800000| Untracked 
| 110|0x000000070fa00000, 0x000000070fa00000, 0x000000070fc00000|  0%| F|  |TAMS 0x000000070fa00000, 0x000000070fa00000| Untracked 
| 111|0x000000070fc00000, 0x000000070fc00000, 0x000000070fe00000|  0%| F|  |TAMS 0x000000070fc00000, 0x000000070fc00000| Untracked 
| 112|0x000000070fe00000, 0x000000070fe00000, 0x0000000710000000|  0%| F|  |TAMS 0x000000070fe00000, 0x000000070fe00000| Untracked 
| 113|0x0000000710000000, 0x0000000710000000, 0x0000000710200000|  0%| F|  |TAMS 0x0000000710000000, 0x0000000710000000| Untracked 
| 114|0x0000000710200000, 0x0000000710200000, 0x0000000710400000|  0%| F|  |TAMS 0x0000000710200000, 0x0000000710200000| Untracked 
| 115|0x0000000710400000, 0x0000000710400000, 0x0000000710600000|  0%| F|  |TAMS 0x0000000710400000, 0x0000000710400000| Untracked 
| 116|0x0000000710600000, 0x0000000710600000, 0x0000000710800000|  0%| F|  |TAMS 0x0000000710600000, 0x0000000710600000| Untracked 
| 117|0x0000000710800000, 0x0000000710800000, 0x0000000710a00000|  0%| F|  |TAMS 0x0000000710800000, 0x0000000710800000| Untracked 
| 118|0x0000000710a00000, 0x0000000710a00000, 0x0000000710c00000|  0%| F|  |TAMS 0x0000000710a00000, 0x0000000710a00000| Untracked 
| 119|0x0000000710c00000, 0x0000000710c00000, 0x0000000710e00000|  0%| F|  |TAMS 0x0000000710c00000, 0x0000000710c00000| Untracked 
| 120|0x0000000710e00000, 0x0000000710e00000, 0x0000000711000000|  0%| F|  |TAMS 0x0000000710e00000, 0x0000000710e00000| Untracked 
| 121|0x0000000711000000, 0x0000000711200000, 0x0000000711200000|100%| S|CS|TAMS 0x0000000711000000, 0x0000000711000000| Complete 
| 122|0x0000000711200000, 0x0000000711200000, 0x0000000711400000|  0%| F|  |TAMS 0x0000000711200000, 0x0000000711200000| Untracked 
| 123|0x0000000711400000, 0x00000007115a3c50, 0x0000000711600000| 81%| E|  |TAMS 0x0000000711400000, 0x0000000711400000| Complete 
| 124|0x0000000711600000, 0x0000000711800000, 0x0000000711800000|100%| E|CS|TAMS 0x0000000711600000, 0x0000000711600000| Complete 
| 125|0x0000000711800000, 0x0000000711a00000, 0x0000000711a00000|100%| E|CS|TAMS 0x0000000711800000, 0x0000000711800000| Complete 
| 126|0x0000000711a00000, 0x0000000711c00000, 0x0000000711c00000|100%| E|CS|TAMS 0x0000000711a00000, 0x0000000711a00000| Complete 
| 127|0x0000000711c00000, 0x0000000711e00000, 0x0000000711e00000|100%| E|CS|TAMS 0x0000000711c00000, 0x0000000711c00000| Complete 

Card table byte_map: [0x0000016957800000,0x0000016958000000] _byte_map_base: 0x0000016953ff1000

Marking Bits (Prev, Next): (CMBitMap*) 0x0000016944aee870, (CMBitMap*) 0x0000016944aee8b0
 Prev Bits: [0x0000016958800000, 0x000001695c788000)
 Next Bits: [0x000001695c790000, 0x0000016960718000)

Polling page: 0x0000016942c20000

Metaspace:

Usage:
  Non-class:     11.13 MB used.
      Class:      1.24 MB used.
       Both:     12.37 MB used.

Virtual space:
  Non-class space:       16.00 MB reserved,      11.19 MB ( 70%) committed,  2 nodes.
      Class space:        1.00 GB reserved,       1.31 MB ( <1%) committed,  1 nodes.
              Both:        1.02 GB reserved,      12.50 MB (  1%) committed. 

Chunk freelists:
   Non-Class:  592.00 KB
       Class:  2.69 MB
        Both:  3.27 MB

MaxMetaspaceSize: 17179869184.00 GB
CompressedClassSpaceSize: 1.00 GB
 - commit_granule_bytes: 65536.
 - commit_granule_words: 8192.
 - virtual_space_node_default_size: 1048576.
 - enlarge_chunks_in_place: 1.
 - new_chunks_are_fully_committed: 0.
 - uncommit_free_chunks: 1.
 - use_allocation_guard: 0.
 - handle_deallocations: 1.


Internal statistics:

num_allocs_failed_limit: 0.
num_arena_births: 106.
num_arena_deaths: 0.
num_vsnodes_births: 3.
num_vsnodes_deaths: 0.
num_space_committed: 200.
num_space_uncommitted: 0.
num_chunks_returned_to_freelist: 0.
num_chunks_taken_from_freelist: 171.
num_chunk_merges: 0.
num_chunk_splits: 103.
num_chunks_enlarged: 64.
num_purges: 0.

CodeHeap 'non-profiled nmethods': size=238912Kb used=1305Kb max_used=1305Kb free=237606Kb
 bounds [0x00000169486b0000, 0x0000016948920000, 0x0000016957000000]
CodeHeap 'non-nmethods': size=6848Kb used=1137Kb max_used=1137Kb free=5710Kb
 bounds [0x0000016948000000, 0x0000016948270000, 0x00000169486b0000]
 total_blobs=1373 nmethods=953 adapters=348
 compilation: enabled
              stopped_count=0, restarted_count=0
 full_count=0

Compilation events (20 events):
Event: 0.942 Thread 0x000001696386b620 nmethod 943 0x00000169487f2b10 code [0x00000169487f2ce0, 0x00000169487f2ea8]
Event: 0.946 Thread 0x000001696386b620  944       1       java.security.CodeSource::getLocation (5 bytes)
Event: 0.946 Thread 0x000001696386b620 nmethod 944 0x00000169487f3010 code [0x00000169487f31a0, 0x00000169487f3278]
Event: 0.953 Thread 0x000001696386b620  945       1       java.lang.String::<init> (10 bytes)
Event: 0.953 Thread 0x000001696386b620 nmethod 945 0x00000169487f3310 code [0x00000169487f34c0, 0x00000169487f35c8]
Event: 0.956 Thread 0x000001696386b620  946   !   1       java.util.zip.Inflater::setInput (69 bytes)
Event: 0.956 Thread 0x000001696386b620 nmethod 946 0x00000169487f3690 code [0x00000169487f3840, 0x00000169487f3b08]
Event: 0.957 Thread 0x000001696386b620  947       1       jdk.internal.misc.VM::initLevel (4 bytes)
Event: 0.958 Thread 0x000001696386b620 nmethod 947 0x00000169487f3c10 code [0x00000169487f3da0, 0x00000169487f3e58]
Event: 0.959 Thread 0x000001696386b620  948   !   1       java.util.zip.Inflater::needsInput (55 bytes)
Event: 0.960 Thread 0x000001696386b620 nmethod 948 0x00000169487f3f10 code [0x00000169487f40a0, 0x00000169487f42b8]
Event: 0.960 Thread 0x000001696386b620  949       1       java.util.zip.ZipFile$ZipFileInflaterInputStream::fill (80 bytes)
Event: 0.960 Thread 0x000001696386b620 nmethod 949 0x00000169487f4390 code [0x00000169487f4560, 0x00000169487f4788]
Event: 0.960 Thread 0x000001696386b620  950   !   1       java.util.zip.ZipFile$ZipFileInputStream::read (135 bytes)
Event: 0.961 Thread 0x000001696386b620 nmethod 950 0x00000169487f4910 code [0x00000169487f4b00, 0x00000169487f4f58]
Event: 0.961 Thread 0x000001696386b620  951       1       java.util.zip.ZipFile::ensureOpenOrZipException (19 bytes)
Event: 0.961 Thread 0x000001696386b620 nmethod 951 0x00000169487f5290 code [0x00000169487f5440, 0x00000169487f5588]
Event: 0.961 Thread 0x000001696386b620  952       1       java.util.zip.ZipFile$ZipFileInputStream::initDataOffset (117 bytes)
Event: 0.961 Thread 0x000001696386b620 nmethod 952 0x00000169487f5610 code [0x00000169487f57e0, 0x00000169487f5b88]
Event: 0.961 Thread 0x000001696386b620  953   !   1       java.util.zip.ZipFile$Source::readAt (39 bytes)

GC Heap History (2 events):
Event: 0.474 GC heap before
{Heap before GC invocations=0 (full 0):
 garbage-first heap   total 262144K, used 10240K [0x0000000701e00000, 0x0000000800000000)
  region size 2048K, 6 young (12288K), 0 survivors (0K)
 Metaspace       used 6416K, committed 6528K, reserved 1056768K
  class space    used 546K, committed 576K, reserved 1048576K
}
Event: 0.478 GC heap after
{Heap after GC invocations=1 (full 0):
 garbage-first heap   total 262144K, used 4829K [0x0000000701e00000, 0x0000000800000000)
  region size 2048K, 1 young (2048K), 1 survivors (2048K)
 Metaspace       used 6416K, committed 6528K, reserved 1056768K
  class space    used 546K, committed 576K, reserved 1048576K
}

Deoptimization events (0 events):
No events

Classes unloaded (0 events):
No events

Classes redefined (0 events):
No events

Internal exceptions (15 events):
Event: 0.351 Thread 0x0000016944a9e450 Exception <a 'java/lang/NoSuchMethodError'{0x0000000711de0228}: 'void java.lang.invoke.DirectMethodHandle$Holder.invokeSpecial(java.lang.Object, java.lang.Object, java.lang.Object)'> (0x0000000711de0228) 
thrown [t:\workspace\open\src\hotspot\share\interpreter\linkResolver.cpp, line 790]
Event: 0.529 Thread 0x0000016944a9e450 Exception <a 'java/lang/NoSuchMethodError'{0x0000000711aa9070}: 'java.lang.Object java.lang.invoke.DirectMethodHandle$Holder.invokeStatic(java.lang.Object)'> (0x0000000711aa9070) 
thrown [t:\workspace\open\src\hotspot\share\interpreter\linkResolver.cpp, line 790]
Event: 0.529 Thread 0x0000016944a9e450 Exception <a 'java/lang/NoSuchMethodError'{0x0000000711ab63c0}: 'java.lang.Object java.lang.invoke.DirectMethodHandle$Holder.invokeStaticInit(java.lang.Object)'> (0x0000000711ab63c0) 
thrown [t:\workspace\open\src\hotspot\share\interpreter\linkResolver.cpp, line 790]
Event: 0.556 Thread 0x0000016944a9e450 Exception <a 'java/lang/NoSuchMethodError'{0x0000000711ad9b48}: 'java.lang.Object java.lang.invoke.DirectMethodHandle$Holder.invokeInterface(java.lang.Object, java.lang.Object)'> (0x0000000711ad9b48) 
thrown [t:\workspace\open\src\hotspot\share\interpreter\linkResolver.cpp, line 790]
Event: 0.558 Thread 0x0000016944a9e450 Exception <a 'java/lang/NoSuchMethodError'{0x0000000711ae1fe0}: 'java.lang.Object java.lang.invoke.DirectMethodHandle$Holder.invokeStaticInit(java.lang.Object, java.lang.Object, java.lang.Object)'> (0x0000000711ae1fe0) 
thrown [t:\workspace\open\src\hotspot\share\interpreter\linkResolver.cpp, line 790]
Event: 0.565 Thread 0x0000016944a9e450 Exception <a 'java/lang/NoSuchMethodError'{0x0000000711aff818}: 'int java.lang.invoke.DirectMethodHandle$Holder.invokeInterface(java.lang.Object, java.lang.Object)'> (0x0000000711aff818) 
thrown [t:\workspace\open\src\hotspot\share\interpreter\linkResolver.cpp, line 790]
Event: 0.566 Thread 0x0000016944a9e450 Exception <a 'java/lang/IncompatibleClassChangeError'{0x0000000711b03010}: Found class java.lang.Object, but interface was expected> (0x0000000711b03010) 
thrown [t:\workspace\open\src\hotspot\share\interpreter\linkResolver.cpp, line 857]
Event: 0.567 Thread 0x0000016944a9e450 Exception <a 'java/lang/NoSuchMethodError'{0x0000000711b08ee0}: 'void java.lang.invoke.DirectMethodHandle$Holder.invokeStatic(java.lang.Object, java.lang.Object)'> (0x0000000711b08ee0) 
thrown [t:\workspace\open\src\hotspot\share\interpreter\linkResolver.cpp, line 790]
Event: 0.620 Thread 0x0000016944a9e450 Exception <a 'java/lang/NoSuchMethodError'{0x0000000711bd8e30}: 'int java.lang.invoke.DirectMethodHandle$Holder.invokeSpecial(java.lang.Object, java.lang.Object, java.lang.Object)'> (0x0000000711bd8e30) 
thrown [t:\workspace\open\src\hotspot\share\interpreter\linkResolver.cpp, line 790]
Event: 0.662 Thread 0x0000016944a9e450 Exception <a 'java/lang/NoSuchMethodError'{0x00000007118aac38}: 'void java.lang.invoke.DirectMethodHandle$Holder.invokeStatic(java.lang.Object, java.lang.Object, java.lang.Object)'> (0x00000007118aac38) 
thrown [t:\workspace\open\src\hotspot\share\interpreter\linkResolver.cpp, line 790]
Event: 0.705 Thread 0x0000016944a9e450 Exception <a 'java/lang/NoSuchMethodError'{0x000000071190a628}: 'int java.lang.invoke.DirectMethodHandle$Holder.invokeSpecialIFC(java.lang.Object, java.lang.Object, java.lang.Object)'> (0x000000071190a628) 
thrown [t:\workspace\open\src\hotspot\share\interpreter\linkResolver.cpp, line 790]
Event: 0.735 Thread 0x0000016944a9e450 Exception <a 'java/lang/NoSuchMethodError'{0x00000007119817b0}: 'java.lang.Object java.lang.invoke.DirectMethodHandle$Holder.invokeStaticInit(java.lang.Object, int, int, int, int)'> (0x00000007119817b0) 
thrown [t:\workspace\open\src\hotspot\share\interpreter\linkResolver.cpp, line 790]
Event: 0.820 Thread 0x0000016944a9e450 Exception <a 'java/lang/NoSuchMethodError'{0x000000071165dec8}: 'java.lang.Object java.lang.invoke.DirectMethodHandle$Holder.invokeStaticInit(java.lang.Object, java.lang.Object, int, int, int, int)'> (0x000000071165dec8) 
thrown [t:\workspace\open\src\hotspot\share\interpreter\linkResolver.cpp, line 790]
Event: 0.830 Thread 0x0000016944a9e450 Exception <a 'java/lang/ClassNotFoundException'{0x0000000711679f50}: javax/management/remote/rmi/RMIServerImpl_Skel> (0x0000000711679f50) 
thrown [t:\workspace\open\src\hotspot\share\classfile\systemDictionary.cpp, line 256]
Event: 0.890 Thread 0x0000016944a9e450 Exception <a 'java/lang/ClassNotFoundException'{0x00000007117761e0}: jdk/internal/agent/resources/spi/agentProvider> (0x00000007117761e0) 
thrown [t:\workspace\open\src\hotspot\share\classfile\systemDictionary.cpp, line 256]

Events (20 events):
Event: 0.903 loading class sun/nio/ByteBuffered
Event: 0.904 loading class sun/nio/ByteBuffered done
Event: 0.905 loading class jdk/internal/loader/URLClassPath$JarLoader$2
Event: 0.905 loading class jdk/internal/loader/URLClassPath$JarLoader$2 done
Event: 0.915 loading class java/security/AccessControlException
Event: 0.915 loading class java/security/AccessControlException done
Event: 0.923 loading class java/lang/NoSuchFieldError
Event: 0.923 loading class java/lang/NoSuchFieldError done
Event: 0.925 Loaded shared library C:\Developement\sts-4.11.1.RELEASE\plugins\org.eclipse.justj.openjdk.hotspot.jre.full.win32.x86_64_16.0.2.v20210721-1149\jre\bin\verify.dll
Event: 0.929 loading class java/util/concurrent/LinkedBlockingQueue
Event: 0.929 loading class java/util/concurrent/LinkedBlockingQueue done
Event: 0.930 loading class java/util/concurrent/LinkedBlockingQueue$Node
Event: 0.930 loading class java/util/concurrent/LinkedBlockingQueue$Node done
Event: 0.944 loading class java/lang/IndexOutOfBoundsException
Event: 0.944 loading class java/lang/IndexOutOfBoundsException done
Event: 0.955 loading class java/net/MalformedURLException
Event: 0.955 loading class java/net/MalformedURLException done
Event: 0.961 loading class java/security/Policy
Event: 0.961 loading class java/security/Policy done
Event: 0.961 loading class java/security/Policy$UnsupportedEmptyCollection


Dynamic libraries:
0x00007ff616a20000 - 0x00007ff616a2e000 	C:\Developement\sts-4.11.1.RELEASE\plugins\org.eclipse.justj.openjdk.hotspot.jre.full.win32.x86_64_16.0.2.v20210721-1149\jre\bin\javaw.exe
0x00007fffbd490000 - 0x00007fffbd685000 	C:\WINDOWS\SYSTEM32\ntdll.dll
0x00007fffa1500000 - 0x00007fffa1516000 	C:\Program Files\Avast Software\Avast\aswhook.dll
0x00007fffbcd50000 - 0x00007fffbce0e000 	C:\WINDOWS\System32\KERNEL32.DLL
0x00007fffbacb0000 - 0x00007fffbaf78000 	C:\WINDOWS\System32\KERNELBASE.dll
0x00007fffbb000000 - 0x00007fffbb100000 	C:\WINDOWS\System32\ucrtbase.dll
0x00007fff8ebb0000 - 0x00007fff8ebc9000 	C:\Developement\sts-4.11.1.RELEASE\plugins\org.eclipse.justj.openjdk.hotspot.jre.full.win32.x86_64_16.0.2.v20210721-1149\jre\bin\VCRUNTIME140.dll
0x00007fffae9e0000 - 0x00007fffae9f8000 	C:\Developement\sts-4.11.1.RELEASE\plugins\org.eclipse.justj.openjdk.hotspot.jre.full.win32.x86_64_16.0.2.v20210721-1149\jre\bin\jli.dll
0x00007fffbbf40000 - 0x00007fffbc0e1000 	C:\WINDOWS\System32\USER32.dll
0x00007fffbaf80000 - 0x00007fffbafa2000 	C:\WINDOWS\System32\win32u.dll
0x00007fffbc8f0000 - 0x00007fffbc91b000 	C:\WINDOWS\System32\GDI32.dll
0x00007fff99f50000 - 0x00007fff9a1ea000 	C:\WINDOWS\WinSxS\amd64_microsoft.windows.common-controls_6595b64144ccf1df_6.0.19041.1110_none_60b5254171f9507e\COMCTL32.dll
0x00007fffbaba0000 - 0x00007fffbacad000 	C:\WINDOWS\System32\gdi32full.dll
0x00007fffbbe10000 - 0x00007fffbbeae000 	C:\WINDOWS\System32\msvcrt.dll
0x00007fffbb130000 - 0x00007fffbb1cd000 	C:\WINDOWS\System32\msvcp_win.dll
0x00007fffbd170000 - 0x00007fffbd1a0000 	C:\WINDOWS\System32\IMM32.DLL
0x00007fffae8d0000 - 0x00007fffae8dc000 	C:\Developement\sts-4.11.1.RELEASE\plugins\org.eclipse.justj.openjdk.hotspot.jre.full.win32.x86_64_16.0.2.v20210721-1149\jre\bin\vcruntime140_1.dll
0x00007fff8e9b0000 - 0x00007fff8ea41000 	C:\Developement\sts-4.11.1.RELEASE\plugins\org.eclipse.justj.openjdk.hotspot.jre.full.win32.x86_64_16.0.2.v20210721-1149\jre\bin\msvcp140.dll
0x00007fff696e0000 - 0x00007fff6a28b000 	C:\Developement\sts-4.11.1.RELEASE\plugins\org.eclipse.justj.openjdk.hotspot.jre.full.win32.x86_64_16.0.2.v20210721-1149\jre\bin\server\jvm.dll
0x00007fffbc920000 - 0x00007fffbc9ce000 	C:\WINDOWS\System32\ADVAPI32.dll
0x00007fffbc2b0000 - 0x00007fffbc34c000 	C:\WINDOWS\System32\sechost.dll
0x00007fffbc0f0000 - 0x00007fffbc215000 	C:\WINDOWS\System32\RPCRT4.dll
0x00007fffbd350000 - 0x00007fffbd358000 	C:\WINDOWS\System32\PSAPI.DLL
0x00007fffa5de0000 - 0x00007fffa5de9000 	C:\WINDOWS\SYSTEM32\WSOCK32.dll
0x00007fffa39e0000 - 0x00007fffa3a07000 	C:\WINDOWS\SYSTEM32\WINMM.dll
0x00007fffbc220000 - 0x00007fffbc28b000 	C:\WINDOWS\System32\WS2_32.dll
0x00007fffacd50000 - 0x00007fffacd5a000 	C:\WINDOWS\SYSTEM32\VERSION.dll
0x00007fffb93e0000 - 0x00007fffb93f2000 	C:\WINDOWS\SYSTEM32\kernel.appcore.dll
0x00007fffb0610000 - 0x00007fffb061a000 	C:\Developement\sts-4.11.1.RELEASE\plugins\org.eclipse.justj.openjdk.hotspot.jre.full.win32.x86_64_16.0.2.v20210721-1149\jre\bin\jimage.dll
0x00007fffb2970000 - 0x00007fffb2b54000 	C:\WINDOWS\SYSTEM32\DBGHELP.DLL
0x00007fffa8320000 - 0x00007fffa834c000 	C:\WINDOWS\SYSTEM32\dbgcore.DLL
0x00007fffbb3e0000 - 0x00007fffbb462000 	C:\WINDOWS\System32\bcryptPrimitives.dll
0x00007fffae980000 - 0x00007fffae9a5000 	C:\Developement\sts-4.11.1.RELEASE\plugins\org.eclipse.justj.openjdk.hotspot.jre.full.win32.x86_64_16.0.2.v20210721-1149\jre\bin\java.dll
0x00007fffae8e0000 - 0x00007fffae8f8000 	C:\Developement\sts-4.11.1.RELEASE\plugins\org.eclipse.justj.openjdk.hotspot.jre.full.win32.x86_64_16.0.2.v20210721-1149\jre\bin\zip.dll
0x00007fffbb6c0000 - 0x00007fffbbe04000 	C:\WINDOWS\System32\SHELL32.dll
0x00007fffb8600000 - 0x00007fffb8d95000 	C:\WINDOWS\SYSTEM32\windows.storage.dll
0x00007fffbce10000 - 0x00007fffbd165000 	C:\WINDOWS\System32\combase.dll
0x00007fffba510000 - 0x00007fffba53e000 	C:\WINDOWS\SYSTEM32\Wldp.dll
0x00007fffbc360000 - 0x00007fffbc40d000 	C:\WINDOWS\System32\SHCORE.dll
0x00007fffbccf0000 - 0x00007fffbcd45000 	C:\WINDOWS\System32\shlwapi.dll
0x00007fffbaae0000 - 0x00007fffbaaff000 	C:\WINDOWS\SYSTEM32\profapi.dll
0x00007fffae890000 - 0x00007fffae8a9000 	C:\Developement\sts-4.11.1.RELEASE\plugins\org.eclipse.justj.openjdk.hotspot.jre.full.win32.x86_64_16.0.2.v20210721-1149\jre\bin\net.dll
0x00007fffad1f0000 - 0x00007fffad2fc000 	C:\WINDOWS\SYSTEM32\WINHTTP.dll
0x00007fffba2f0000 - 0x00007fffba35a000 	C:\WINDOWS\system32\mswsock.dll
0x00007fffae870000 - 0x00007fffae883000 	C:\Developement\sts-4.11.1.RELEASE\plugins\org.eclipse.justj.openjdk.hotspot.jre.full.win32.x86_64_16.0.2.v20210721-1149\jre\bin\nio.dll
0x00007fff8e950000 - 0x00007fff8e959000 	C:\Developement\sts-4.11.1.RELEASE\plugins\org.eclipse.justj.openjdk.hotspot.jre.full.win32.x86_64_16.0.2.v20210721-1149\jre\bin\management.dll
0x00007fff8e940000 - 0x00007fff8e94b000 	C:\Developement\sts-4.11.1.RELEASE\plugins\org.eclipse.justj.openjdk.hotspot.jre.full.win32.x86_64_16.0.2.v20210721-1149\jre\bin\management_ext.dll
0x00007fff9e710000 - 0x00007fff9e727000 	C:\WINDOWS\system32\napinsp.dll
0x00007fff9e6a0000 - 0x00007fff9e6bb000 	C:\WINDOWS\system32\pnrpnsp.dll
0x00007fffb2620000 - 0x00007fffb2635000 	C:\WINDOWS\system32\wshbth.dll
0x00007fffb2cd0000 - 0x00007fffb2ced000 	C:\WINDOWS\system32\NLAapi.dll
0x00007fffb9fb0000 - 0x00007fffb9feb000 	C:\WINDOWS\SYSTEM32\IPHLPAPI.DLL
0x00007fffba000000 - 0x00007fffba0cb000 	C:\WINDOWS\SYSTEM32\DNSAPI.dll
0x00007fffbd360000 - 0x00007fffbd368000 	C:\WINDOWS\System32\NSI.dll
0x00007fff9e680000 - 0x00007fff9e692000 	C:\WINDOWS\System32\winrnr.dll
0x0000000056a00000 - 0x0000000056a26000 	C:\Program Files\Bonjour\mdnsNSP.dll
0x00007fffa7500000 - 0x00007fffa750a000 	C:\Windows\System32\rasadhlp.dll
0x00007fffacf10000 - 0x00007fffacf8f000 	C:\WINDOWS\System32\fwpuclnt.dll
0x00007fffbb100000 - 0x00007fffbb127000 	C:\WINDOWS\System32\bcrypt.dll
0x00007fffba550000 - 0x00007fffba568000 	C:\WINDOWS\SYSTEM32\CRYPTSP.dll
0x00007fffb9c20000 - 0x00007fffb9c54000 	C:\WINDOWS\system32\rsaenh.dll
0x00007fffbaaa0000 - 0x00007fffbaace000 	C:\WINDOWS\SYSTEM32\USERENV.dll
0x00007fffba480000 - 0x00007fffba48c000 	C:\WINDOWS\SYSTEM32\CRYPTBASE.dll
0x00007fffad6a0000 - 0x00007fffad6b7000 	C:\WINDOWS\SYSTEM32\dhcpcsvc6.DLL
0x00007fffad7a0000 - 0x00007fffad7bd000 	C:\WINDOWS\SYSTEM32\dhcpcsvc.DLL
0x00007fffb0420000 - 0x00007fffb0430000 	C:\Developement\sts-4.11.1.RELEASE\plugins\org.eclipse.justj.openjdk.hotspot.jre.full.win32.x86_64_16.0.2.v20210721-1149\jre\bin\verify.dll

dbghelp: loaded successfully - version: 4.0.5 - missing functions: none
symbol engine: initialized successfully - sym options: 0x614 - pdb path: .;C:\Developement\sts-4.11.1.RELEASE\plugins\org.eclipse.justj.openjdk.hotspot.jre.full.win32.x86_64_16.0.2.v20210721-1149\jre\bin;C:\WINDOWS\SYSTEM32;C:\Program Files\Avast Software\Avast;C:\WINDOWS\WinSxS\amd64_microsoft.windows.common-controls_6595b64144ccf1df_6.0.19041.1110_none_60b5254171f9507e;C:\Developement\sts-4.11.1.RELEASE\plugins\org.eclipse.justj.openjdk.hotspot.jre.full.win32.x86_64_16.0.2.v20210721-1149\jre\bin\server;C:\Program Files\Bonjour

VM Arguments:
jvm_args: -Dcom.sun.management.jmxremote -Dcom.sun.management.jmxremote.port=63730 -Dcom.sun.management.jmxremote.authenticate=false -Dcom.sun.management.jmxremote.ssl=false -Djava.rmi.server.hostname=localhost -Dspring.jmx.enabled=true -Dspring.application.admin.enabled=true -XX:TieredStopAtLevel=1 -Dspring.boot.project.name=hr-worker -Dfile.encoding=UTF-8 -XX:+ShowCodeDetailsInExceptionMessages 
java_command: pt.amane.hrworker.HrWorkerApplication --spring.output.ansi.enabled=always
java_class_path (initial): C:\Developement\DeveSuperior\Microservice\hr-worker\target\classes;C:\Users\manoa\.m2\repository\org\springframework\boot\spring-boot-starter-data-jpa\2.3.4.RELEASE\spring-boot-starter-data-jpa-2.3.4.RELEASE.jar;C:\Users\manoa\.m2\repository\org\springframework\boot\spring-boot-starter-aop\2.3.4.RELEASE\spring-boot-starter-aop-2.3.4.RELEASE.jar;C:\Users\manoa\.m2\repository\org\springframework\spring-aop\5.2.9.RELEASE\spring-aop-5.2.9.RELEASE.jar;C:\Users\manoa\.m2\repository\org\aspectj\aspectjweaver\1.9.6\aspectjweaver-1.9.6.jar;C:\Users\manoa\.m2\repository\org\springframework\boot\spring-boot-starter-jdbc\2.3.4.RELEASE\spring-boot-starter-jdbc-2.3.4.RELEASE.jar;C:\Users\manoa\.m2\repository\com\zaxxer\HikariCP\3.4.5\HikariCP-3.4.5.jar;C:\Users\manoa\.m2\repository\org\springframework\spring-jdbc\5.2.9.RELEASE\spring-jdbc-5.2.9.RELEASE.jar;C:\Users\manoa\.m2\repository\jakarta\transaction\jakarta.transaction-api\1.3.3\jakarta.transaction-api-1.3.3.jar;C:\Users\manoa\.m2\repository\jakarta\persistence\jakarta.persistence-api\2.2.3\jakarta.persistence-api-2.2.3.jar;C:\Users\manoa\.m2\repository\org\hibernate\hibernate-core\5.4.21.Final\hibernate-core-5.4.21.Final.jar;C:\Users\manoa\.m2\repository\org\jboss\logging\jboss-logging\3.4.1.Final\jboss-logging-3.4.1.Final.jar;C:\Users\manoa\.m2\repository\org\javassist\javassist\3.24.0-GA\javassist-3.24.0-GA.jar;C:\Users\manoa\.m2\repository\net\bytebuddy\byte-buddy\1.10.14\byte-buddy-1.10.14.jar;C:\Users\manoa\.m2\repository\antlr\antlr\2.7.7\antlr-2.7.7.jar;C:\Users\manoa\.m2\repository\org\jboss\jandex\2.1.3.Final\jandex-2.1.3.Final.jar;C:\Users\manoa\.m2\repository\com\fasterxml\classmate\1.5.1\classmate-1.5.1.jar;C:\Users\manoa\.m2\repository\org\dom4j\dom4j\2.1.3\dom4j-2.1.3.jar;C:\Users\manoa\.m2\repository\org\hibernate\common\hibernate-commons-annotations\5.1.0.Final\hibernate-commons-annotations-5.1.0.Final.jar;C:\Users\manoa\.m2\repository\org\glassfish\jaxb\jaxb-runtime\2.3.3\jaxb-
Launcher Type: SUN_STANDARD

[Global flags]
     intx CICompilerCount                          = 3                                         {product} {ergonomic}
     uint ConcGCThreads                            = 1                                         {product} {ergonomic}
     uint G1ConcRefinementThreads                  = 4                                         {product} {ergonomic}
   size_t G1HeapRegionSize                         = 2097152                                   {product} {ergonomic}
    uintx GCDrainStackTargetSize                   = 64                                        {product} {ergonomic}
   size_t InitialHeapSize                          = 268435456                                 {product} {ergonomic}
     bool ManagementServer                         = true                                      {product} {command line}
   size_t MarkStackSize                            = 4194304                                   {product} {ergonomic}
   size_t MaxHeapSize                              = 4263510016                                {product} {ergonomic}
   size_t MaxNewSize                               = 2556428288                                {product} {ergonomic}
   size_t MinHeapDeltaBytes                        = 2097152                                   {product} {ergonomic}
   size_t MinHeapSize                              = 8388608                                   {product} {ergonomic}
    uintx NonNMethodCodeHeapSize                   = 6973028                                {pd product} {ergonomic}
    uintx NonProfiledCodeHeapSize                  = 244685212                              {pd product} {ergonomic}
    uintx ProfiledCodeHeapSize                     = 0                                      {pd product} {ergonomic}
    uintx ReservedCodeCacheSize                    = 251658240                              {pd product} {ergonomic}
     bool SegmentedCodeCache                       = true                                      {product} {ergonomic}
     bool ShowCodeDetailsInExceptionMessages       = true                                   {manageable} {command line}
   size_t SoftMaxHeapSize                          = 4263510016                             {manageable} {ergonomic}
     intx TieredStopAtLevel                        = 1                                         {product} {command line}
     bool UseCompressedClassPointers               = true                           {product lp64_product} {ergonomic}
     bool UseCompressedOops                        = true                           {product lp64_product} {ergonomic}
     bool UseG1GC                                  = true                                      {product} {ergonomic}
     bool UseLargePagesIndividualAllocation        = false                                  {pd product} {ergonomic}

Logging:
Log output configuration:
 #0: stdout all=warning uptime,level,tags
 #1: stderr all=off uptime,level,tags

Environment Variables:
JAVA_HOME=C:\Program Files\Java\jdk-11.0.10
PATH=C:/Developement/sts-4.11.1.RELEASE//plugins/org.eclipse.justj.openjdk.hotspot.jre.full.win32.x86_64_16.0.2.v20210721-1149/jre/bin/server;C:/Developement/sts-4.11.1.RELEASE//plugins/org.eclipse.justj.openjdk.hotspot.jre.full.win32.x86_64_16.0.2.v20210721-1149/jre/bin;C:\Program Files\Common Files\Oracle\Java\javapath;C:\ProgramData\Oracle\Java\javapath;C:\Python39\Scripts\;C:\Python39\;C:\Program Files (x86)\Common Files\Oracle\Java\javapath;C:\Program Files (x86)\Intel\iCLS Client\;C:\Program Files\Intel\iCLS Client\;C:\WINDOWS\system32;C:\WINDOWS;C:\WINDOWS\System32\Wbem;C:\WINDOWS\System32\WindowsPowerShell\v1.0\;C:\Program Files\Intel\WiFi\bin\;C:\Program Files\Common Files\Intel\WirelessCommon\;C:\Program Files (x86)\Intel\Intel(R) Management Engine Components\DAL;C:\Program Files\Intel\Intel(R) Management Engine Components\DAL;C:\Program Files (x86)\Intel\Intel(R) Management Engine Components\IPT;C:\Program Files\Intel\Intel(R) Management Engine Components\IPT;C:\WINDOWS\System32\OpenSSH\;C:\Program Files\nodejs\;C:\ProgramData\chocolatey\bin;C:\Program Files\Git\cmd;C:\Program Files\Java\jdk1.8.0_241\bin;C:\Users\manoa\AppData\Roaming\npm;C:\Users\manoa\AppData\Roaming\npm\node_modules\@angular\cli\bin;C:\Program Files\nodejs\;C:\apache-maven-3.8.2\\bin;%JRE_HOME%\bin;;C:\Program Files\Docker\Docker\resources\bin;C:\ProgramData\DockerDesktop\version-bin;C:\Users\manoa\AppData\Local\Microsoft\WindowsApps;C:\Users\manoa\AppData\Roaming\npm;C:\Users\manoa\AppData\Local\Programs\Microsoft VS Code\bin;C:\Program Files\heroku\bin;C:\Developement\sts-4.11.1.RELEASE;
USERNAME=manoa
OS=Windows_NT
PROCESSOR_IDENTIFIER=Intel64 Family 6 Model 142 Stepping 9, GenuineIntel



---------------  S Y S T E M  ---------------

OS:
 Windows 10 , 64 bit Build 19041 (10.0.19041.1466)
OS uptime: 0 days 8:52 hours
Hyper-V role detected

CPU: total 4 (initial active 4) (2 cores per cpu, 2 threads per core) family 6 model 142 stepping 9 microcode 0xb4, cx8, cmov, fxsr, ht, mmx, 3dnowpref, sse, sse2, sse3, ssse3, sse4.1, sse4.2, popcnt, lzcnt, tsc, tscinvbit, avx, avx2, aes, erms, clmul, bmi1, bmi2, adx, fma, vzeroupper, clflush, clflushopt, hv

Memory: 4k page, system-wide physical 16263M (2848M free)
TotalPageFile size 20359M (AvailPageFile size 4M)
current process WorkingSet (physical memory assigned to process): 65M, peak: 65M
current process commit charge ("private bytes"): 343M, peak: 343M

vm_info: OpenJDK 64-Bit Server VM (16.0.2+7-67) for windows-amd64 JRE (16.0.2+7-67), built on Jun  8 2021 23:21:43 by "mach5one" with MS VC++ 16.7 (VS2019)

END.
